2013-05-08 15:39:10 [7058] [DEBUG] Current configuration:
2013-05-08 15:39:10 [7058] [DEBUG]   proxy_protocol: False
2013-05-08 15:39:10 [7058] [DEBUG]   worker_connections: 1000
2013-05-08 15:39:10 [7058] [DEBUG]   post_fork: <function post_fork at 0x2901cf8>
2013-05-08 15:39:10 [7058] [DEBUG]   pythonpath: /var/www
2013-05-08 15:39:10 [7058] [DEBUG]   enable_stdio_inheritance: False
2013-05-08 15:39:10 [7058] [DEBUG]   worker_class: sync
2013-05-08 15:39:10 [7058] [DEBUG]   accesslog: /var/www/ibiddjango/gunicorn.access.log
2013-05-08 15:39:10 [7058] [DEBUG]   syslog_facility: user
2013-05-08 15:39:10 [7058] [DEBUG]   pre_exec: <function pre_exec at 0x2901e60>
2013-05-08 15:39:10 [7058] [DEBUG]   syslog: False
2013-05-08 15:39:10 [7058] [DEBUG]   when_ready: <function when_ready at 0x2901a28>
2013-05-08 15:39:10 [7058] [DEBUG]   pre_fork: <function pre_fork at 0x2901b90>
2013-05-08 15:39:10 [7058] [DEBUG]   preload_app: False
2013-05-08 15:39:10 [7058] [DEBUG]   workers: 3
2013-05-08 15:39:10 [7058] [DEBUG]   graceful_timeout: 30
2013-05-08 15:39:10 [7058] [DEBUG]   keepalive: 2
2013-05-08 15:39:10 [7058] [DEBUG]   pidfile: None
2013-05-08 15:39:10 [7058] [DEBUG]   user: 1000
2013-05-08 15:39:10 [7058] [DEBUG]   group: 1000
2013-05-08 15:39:10 [7058] [DEBUG]   spew: False
2013-05-08 15:39:10 [7058] [DEBUG]   proc_name: None
2013-05-08 15:39:10 [7058] [DEBUG]   umask: 0
2013-05-08 15:39:10 [7058] [DEBUG]   secure_scheme_headers: {'X-FORWARDED-PROTOCOL': 'ssl', 'X-FORWARDED-SSL': 'on'}
2013-05-08 15:39:10 [7058] [DEBUG]   x_forwarded_for_header: X-FORWARDED-FOR
2013-05-08 15:39:10 [7058] [DEBUG]   on_starting: <function on_starting at 0x2901758>
2013-05-08 15:39:10 [7058] [DEBUG]   pre_request: <function pre_request at 0x2904050>
2013-05-08 15:39:10 [7058] [DEBUG]   limit_request_fields: 100
2013-05-08 15:39:10 [7058] [DEBUG]   config: gunicorn.conf.py
2013-05-08 15:39:10 [7058] [DEBUG]   access_log_format: "%(h)s %(l)s %(u)s %(t)s "%(r)s" %(s)s %(b)s "%(f)s" "%(a)s"
2013-05-08 15:39:10 [7058] [DEBUG]   logconfig: None
2013-05-08 15:39:10 [7058] [DEBUG]   check_config: False
2013-05-08 15:39:10 [7058] [DEBUG]   on_reload: <function on_reload at 0x29018c0>
2013-05-08 15:39:10 [7058] [DEBUG]   forwarded_allow_ips: ['127.0.0.1']
2013-05-08 15:39:10 [7058] [DEBUG]   proxy_allow_ips: ['127.0.0.1']
2013-05-08 15:39:10 [7058] [DEBUG]   post_request: <function post_request at 0x2904140>
2013-05-08 15:39:10 [7058] [DEBUG]   max_requests: 0
2013-05-08 15:39:10 [7058] [DEBUG]   django_settings: ibiddjango.settings
2013-05-08 15:39:10 [7058] [DEBUG]   limit_request_line: 4094
2013-05-08 15:39:10 [7058] [DEBUG]   certfile: None
2013-05-08 15:39:10 [7058] [DEBUG]   worker_exit: <function worker_exit at 0x29042a8>
2013-05-08 15:39:10 [7058] [DEBUG]   default_proc_name: gunicorn
2013-05-08 15:39:10 [7058] [DEBUG]   daemon: False
2013-05-08 15:39:10 [7058] [DEBUG]   errorlog: /var/www/ibiddjango/gunicorn.access.log
2013-05-08 15:39:10 [7058] [DEBUG]   loglevel: debug
2013-05-08 15:39:10 [7058] [DEBUG]   syslog_addr: udp://localhost:514
2013-05-08 15:39:10 [7058] [DEBUG]   syslog_prefix: None
2013-05-08 15:39:10 [7058] [DEBUG]   bind: ['127.0.0.1:8888']
2013-05-08 15:39:10 [7058] [DEBUG]   limit_request_field_size: 8190
2013-05-08 15:39:10 [7058] [DEBUG]   nworkers_changed: <function nworkers_changed at 0x2904410>
2013-05-08 15:39:10 [7058] [DEBUG]   timeout: 30
2013-05-08 15:39:10 [7058] [DEBUG]   debug: True
2013-05-08 15:39:10 [7058] [DEBUG]   tmp_upload_dir: None
2013-05-08 15:39:10 [7058] [DEBUG]   keyfile: None
2013-05-08 15:39:10 [7058] [DEBUG]   backlog: 2048
2013-05-08 15:39:10 [7058] [DEBUG]   logger_class: simple
2013-05-08 15:39:10 [7058] [INFO] Starting gunicorn 0.17.4
2013-05-08 15:39:10 [7058] [DEBUG] Arbiter booted
2013-05-08 15:39:10 [7058] [INFO] Listening at: http://127.0.0.1:8888 (7058)
2013-05-08 15:39:10 [7058] [INFO] Using worker: sync
2013-05-08 15:39:10 [7063] [INFO] Booting worker with pid: 7063
2013-05-08 15:39:10 [7064] [INFO] Booting worker with pid: 7064
2013-05-08 15:39:10 [7065] [INFO] Booting worker with pid: 7065
Traceback (most recent call last):
  File "/usr/local/bin/gunicorn_django", line 9, in <module>
    load_entry_point('gunicorn==0.17.4', 'console_scripts', 'gunicorn_django')()
  File "/usr/local/lib/python2.7/dist-packages/gunicorn/app/djangoapp.py", line 143, in run
    DjangoApplication("%(prog)s [OPTIONS] [SETTINGS_PATH]").run()
  File "/usr/local/lib/python2.7/dist-packages/gunicorn/app/base.py", line 135, in run
    Arbiter(self).run()
  File "/usr/local/lib/python2.7/dist-packages/gunicorn/arbiter.py", line 196, in run
    self.halt(reason=inst.reason, exit_status=inst.exit_status)
  File "/usr/local/lib/python2.7/dist-packages/gunicorn/arbiter.py", line 291, in halt
    self.stop()
  File "/usr/local/lib/python2.7/dist-packages/gunicorn/arbiter.py", line 334, in stop
    self.reap_workers()
  File "/usr/local/lib/python2.7/dist-packages/gunicorn/arbiter.py", line 430, in reap_workers
    raise HaltServer(reason, self.WORKER_BOOT_ERROR)
gunicorn.errors.HaltServer: <HaltServer 'Worker failed to boot.' 3>
2013-05-08 15:57:19 [7479] [DEBUG] Current configuration:
2013-05-08 15:57:19 [7479] [DEBUG]   proxy_protocol: False
2013-05-08 15:57:19 [7479] [DEBUG]   worker_connections: 1000
2013-05-08 15:57:19 [7479] [DEBUG]   post_fork: <function post_fork at 0x1d45cf8>
2013-05-08 15:57:19 [7479] [DEBUG]   pythonpath: /var/www
2013-05-08 15:57:19 [7479] [DEBUG]   enable_stdio_inheritance: False
2013-05-08 15:57:19 [7479] [DEBUG]   worker_class: sync
2013-05-08 15:57:19 [7479] [DEBUG]   accesslog: /var/www/ibiddjango/gunicorn.access.log
2013-05-08 15:57:19 [7479] [DEBUG]   syslog_facility: user
2013-05-08 15:57:19 [7479] [DEBUG]   pre_exec: <function pre_exec at 0x1d45e60>
2013-05-08 15:57:19 [7479] [DEBUG]   syslog: False
2013-05-08 15:57:19 [7479] [DEBUG]   when_ready: <function when_ready at 0x1d45a28>
2013-05-08 15:57:19 [7479] [DEBUG]   pre_fork: <function pre_fork at 0x1d45b90>
2013-05-08 15:57:19 [7479] [DEBUG]   preload_app: False
2013-05-08 15:57:19 [7479] [DEBUG]   workers: 3
2013-05-08 15:57:19 [7479] [DEBUG]   graceful_timeout: 30
2013-05-08 15:57:19 [7479] [DEBUG]   keepalive: 2
2013-05-08 15:57:19 [7479] [DEBUG]   pidfile: None
2013-05-08 15:57:19 [7479] [DEBUG]   user: 1000
2013-05-08 15:57:19 [7479] [DEBUG]   group: 1000
2013-05-08 15:57:19 [7479] [DEBUG]   spew: False
2013-05-08 15:57:19 [7479] [DEBUG]   proc_name: None
2013-05-08 15:57:19 [7479] [DEBUG]   umask: 0
2013-05-08 15:57:19 [7479] [DEBUG]   secure_scheme_headers: {'X-FORWARDED-PROTOCOL': 'ssl', 'X-FORWARDED-SSL': 'on'}
2013-05-08 15:57:19 [7479] [DEBUG]   x_forwarded_for_header: X-FORWARDED-FOR
2013-05-08 15:57:19 [7479] [DEBUG]   on_starting: <function on_starting at 0x1d45758>
2013-05-08 15:57:19 [7479] [DEBUG]   pre_request: <function pre_request at 0x1d48050>
2013-05-08 15:57:19 [7479] [DEBUG]   limit_request_fields: 100
2013-05-08 15:57:19 [7479] [DEBUG]   config: gunicorn.conf.py
2013-05-08 15:57:19 [7479] [DEBUG]   access_log_format: "%(h)s %(l)s %(u)s %(t)s "%(r)s" %(s)s %(b)s "%(f)s" "%(a)s"
2013-05-08 15:57:19 [7479] [DEBUG]   logconfig: None
2013-05-08 15:57:19 [7479] [DEBUG]   check_config: False
2013-05-08 15:57:19 [7479] [DEBUG]   on_reload: <function on_reload at 0x1d458c0>
2013-05-08 15:57:19 [7479] [DEBUG]   forwarded_allow_ips: ['127.0.0.1']
2013-05-08 15:57:19 [7479] [DEBUG]   proxy_allow_ips: ['127.0.0.1']
2013-05-08 15:57:19 [7479] [DEBUG]   post_request: <function post_request at 0x1d48140>
2013-05-08 15:57:19 [7479] [DEBUG]   max_requests: 0
2013-05-08 15:57:19 [7479] [DEBUG]   django_settings: ibiddjango.settings
2013-05-08 15:57:19 [7479] [DEBUG]   limit_request_line: 4094
2013-05-08 15:57:19 [7479] [DEBUG]   certfile: None
2013-05-08 15:57:19 [7479] [DEBUG]   worker_exit: <function worker_exit at 0x1d482a8>
2013-05-08 15:57:19 [7479] [DEBUG]   default_proc_name: gunicorn
2013-05-08 15:57:19 [7479] [DEBUG]   daemon: False
2013-05-08 15:57:19 [7479] [DEBUG]   errorlog: /var/www/ibiddjango/gunicorn.access.log
2013-05-08 15:57:19 [7479] [DEBUG]   loglevel: debug
2013-05-08 15:57:19 [7479] [DEBUG]   syslog_addr: udp://localhost:514
2013-05-08 15:57:19 [7479] [DEBUG]   syslog_prefix: None
2013-05-08 15:57:19 [7479] [DEBUG]   bind: ['127.0.0.1:8888']
2013-05-08 15:57:19 [7479] [DEBUG]   limit_request_field_size: 8190
2013-05-08 15:57:19 [7479] [DEBUG]   nworkers_changed: <function nworkers_changed at 0x1d48410>
2013-05-08 15:57:19 [7479] [DEBUG]   timeout: 30
2013-05-08 15:57:19 [7479] [DEBUG]   debug: True
2013-05-08 15:57:19 [7479] [DEBUG]   tmp_upload_dir: None
2013-05-08 15:57:19 [7479] [DEBUG]   keyfile: None
2013-05-08 15:57:19 [7479] [DEBUG]   backlog: 2048
2013-05-08 15:57:19 [7479] [DEBUG]   logger_class: simple
2013-05-08 15:57:19 [7479] [INFO] Starting gunicorn 0.17.4
2013-05-08 15:57:19 [7479] [DEBUG] Arbiter booted
2013-05-08 15:57:19 [7479] [INFO] Listening at: http://127.0.0.1:8888 (7479)
2013-05-08 15:57:19 [7479] [INFO] Using worker: sync
2013-05-08 15:57:19 [7484] [INFO] Booting worker with pid: 7484
2013-05-08 15:57:19 [7485] [INFO] Booting worker with pid: 7485
2013-05-08 15:57:19 [7486] [INFO] Booting worker with pid: 7486
Traceback (most recent call last):
  File "/usr/local/bin/gunicorn_django", line 9, in <module>
    load_entry_point('gunicorn==0.17.4', 'console_scripts', 'gunicorn_django')()
  File "/usr/local/lib/python2.7/dist-packages/gunicorn/app/djangoapp.py", line 143, in run
    DjangoApplication("%(prog)s [OPTIONS] [SETTINGS_PATH]").run()
  File "/usr/local/lib/python2.7/dist-packages/gunicorn/app/base.py", line 135, in run
    Arbiter(self).run()
  File "/usr/local/lib/python2.7/dist-packages/gunicorn/arbiter.py", line 196, in run
    self.halt(reason=inst.reason, exit_status=inst.exit_status)
  File "/usr/local/lib/python2.7/dist-packages/gunicorn/arbiter.py", line 291, in halt
    self.stop()
  File "/usr/local/lib/python2.7/dist-packages/gunicorn/arbiter.py", line 334, in stop
    self.reap_workers()
  File "/usr/local/lib/python2.7/dist-packages/gunicorn/arbiter.py", line 430, in reap_workers
    raise HaltServer(reason, self.WORKER_BOOT_ERROR)
gunicorn.errors.HaltServer: <HaltServer 'Worker failed to boot.' 3>
2013-05-19 16:45:35 [4731] [INFO] Starting gunicorn 0.17.4
2013-05-19 16:45:35 [4731] [INFO] Listening at: http://127.0.0.1:8888 (4731)
2013-05-19 16:45:35 [4731] [INFO] Using worker: sync
2013-05-19 16:45:35 [4736] [INFO] Booting worker with pid: 4736
2013-05-19 16:45:35 [4737] [INFO] Booting worker with pid: 4737
2013-05-19 16:45:35 [4738] [INFO] Booting worker with pid: 4738
WARNING Not Found: /favicon.ico
WARNING Not Found: /favicon.ico/
DEBUG Name: _item_cache
DEBUG Name: _winner_cache
DEBUG Name: _item_cache
DEBUG Name: _winner_cache
DEBUG Name: _item_cache
DEBUG Name: _winner_cache
DEBUG Name: _item_cache
DEBUG Name: _winner_cache
DEBUG Name: _item_cache
DEBUG Name: _winner_cache
DEBUG Name: completion
DEBUG Name: auction
DEBUG Name: _item_cache
DEBUG Name: completion
DEBUG Name: auction
DEBUG Name: evaluate
DEBUG Name: __iter__
DEBUG Name: value_annotation
DEBUG Name: prepare
DEBUG Name: _prepare
DEBUG Name: evaluate
DEBUG Name: __iter__
DEBUG Name: value_annotation
DEBUG Name: prepare
DEBUG Name: _prepare
DEBUG Name: evaluate
DEBUG Name: __iter__
DEBUG Name: value_annotation
DEBUG Name: prepare
DEBUG Name: _prepare
DEBUG Name: evaluate
DEBUG Name: __iter__
DEBUG Name: value_annotation
DEBUG Name: prepare
DEBUG Name: _prepare
DEBUG Name: evaluate
DEBUG Name: __iter__
DEBUG Name: value_annotation
DEBUG Name: prepare
DEBUG Name: _prepare
DEBUG Name: can_precap
DEBUG Name: evaluate
DEBUG Name: __iter__
DEBUG Name: value_annotation
DEBUG Name: prepare
DEBUG Name: _prepare
DEBUG Name: place_precap_bid
DEBUG Name: evaluate
DEBUG Name: __iter__
DEBUG Name: value_annotation
DEBUG Name: prepare
DEBUG Name: _prepare
DEBUG Name: _precap_bids_needed
DEBUG Name: auction
DEBUG Name: finish_precap
DEBUG Name: evaluate
DEBUG Name: __iter__
DEBUG Name: value_annotation
DEBUG Name: prepare
DEBUG Name: _prepare
DEBUG Name: can_precap
DEBUG Name: evaluate
DEBUG Name: __iter__
DEBUG Name: value_annotation
DEBUG Name: prepare
DEBUG Name: _prepare
DEBUG Name: place_precap_bid
DEBUG Name: evaluate
DEBUG Name: __iter__
DEBUG Name: value_annotation
DEBUG Name: prepare
DEBUG Name: _prepare
DEBUG Name: _precap_bids_needed
DEBUG Name: auction
DEBUG Name: finish_precap
DEBUG Name: _item_cache
DEBUG Name: _winner_cache
DEBUG Name: _item_cache
DEBUG Name: _winner_cache
DEBUG Name: _item_cache
DEBUG Name: _winner_cache
DEBUG Name: _item_cache
DEBUG Name: _winner_cache
DEBUG Name: _item_cache
DEBUG Name: _winner_cache
DEBUG Name: can_bid
DEBUG Name: get_last_bidder
DEBUG Name: evaluate
DEBUG Name: __iter__
DEBUG Name: value_annotation
DEBUG Name: prepare
DEBUG Name: _prepare
DEBUG Name: bid
DEBUG Name: get_time_left
DEBUG Name: get_latest_bid
DEBUG Name: get_last_bidder
DEBUG Name: get_last_bidder
DEBUG Name: auction
DEBUG Name: _item_cache
DEBUG Name: _winner_cache
DEBUG Name: _item_cache
DEBUG Name: _winner_cache
DEBUG Name: _item_cache
DEBUG Name: _winner_cache
DEBUG Name: _item_cache
DEBUG Name: _winner_cache
DEBUG Name: _item_cache
DEBUG Name: _winner_cache
DEBUG Name: _item_cache
DEBUG Name: _winner_cache
DEBUG Name: _item_cache
DEBUG Name: _winner_cache
DEBUG Name: _item_cache
DEBUG Name: _winner_cache
DEBUG Name: _item_cache
DEBUG Name: _winner_cache
DEBUG Name: _item_cache
DEBUG Name: _winner_cache
WARNING Not Found: /favicon.ico
WARNING Not Found: /favicon.ico/
DEBUG Name: _winner_cache
DEBUG Name: _winner_cache
DEBUG Name: _winner_cache
DEBUG Name: _winner_cache
DEBUG Name: _winner_cache
DEBUG Name: _winner_cache
DEBUG Name: _winner_cache
DEBUG Name: _winner_cache
DEBUG Name: _winner_cache
DEBUG Name: _winner_cache
DEBUG Name: _winner_cache
DEBUG Name: _winner_cache
DEBUG Name: _winner_cache
DEBUG Name: _winner_cache
DEBUG Name: _winner_cache
DEBUG Name: _winner_cache
DEBUG Name: _winner_cache
DEBUG Name: _winner_cache
DEBUG Name: _winner_cache
DEBUG Name: _winner_cache
DEBUG Name: _winner_cache
DEBUG Name: _winner_cache
DEBUG Name: _winner_cache
DEBUG Name: _winner_cache
DEBUG Name: _winner_cache
DEBUG Name: _winner_cache
DEBUG Name: _winner_cache
DEBUG Name: _winner_cache
DEBUG Name: _winner_cache
DEBUG Name: _winner_cache
DEBUG Name: _winner_cache
DEBUG Name: _winner_cache
DEBUG Name: _winner_cache
DEBUG Name: _winner_cache
DEBUG Name: _winner_cache
DEBUG Name: _winner_cache
DEBUG Name: _winner_cache
DEBUG Name: _winner_cache
DEBUG Name: _winner_cache
DEBUG Name: _winner_cache
DEBUG Name: _winner_cache
DEBUG Name: _winner_cache
DEBUG Name: _winner_cache
DEBUG Name: _winner_cache
DEBUG Name: _winner_cache
DEBUG Name: _winner_cache
DEBUG Name: _winner_cache
DEBUG Name: _winner_cache
DEBUG Name: _winner_cache
DEBUG Name: _winner_cache
DEBUG Name: _winner_cache
DEBUG Name: _winner_cache
DEBUG Name: _winner_cache
DEBUG Name: _winner_cache
DEBUG Name: _winner_cache
DEBUG Name: _winner_cache
DEBUG Name: _winner_cache
DEBUG Name: _winner_cache
DEBUG Name: _winner_cache
DEBUG Name: _winner_cache
DEBUG Name: _winner_cache
DEBUG Name: _winner_cache
DEBUG Name: _winner_cache
DEBUG Name: _winner_cache
DEBUG Name: _winner_cache
DEBUG Name: _winner_cache
DEBUG Name: _winner_cache
DEBUG Name: _winner_cache
DEBUG Name: _winner_cache
DEBUG Name: _winner_cache
DEBUG Name: _winner_cache
DEBUG Name: _winner_cache
DEBUG Name: _winner_cache
DEBUG Name: _winner_cache
DEBUG Name: _winner_cache
DEBUG Name: _winner_cache
DEBUG Name: _winner_cache
DEBUG Name: _winner_cache
DEBUG Name: _winner_cache
DEBUG Name: _winner_cache
DEBUG Name: _winner_cache
DEBUG Name: _winner_cache
DEBUG Name: _winner_cache
DEBUG Name: _winner_cache
DEBUG Name: _winner_cache
DEBUG Name: _winner_cache
DEBUG Name: _winner_cache
DEBUG Name: _winner_cache
DEBUG Name: _winner_cache
DEBUG Name: _winner_cache
DEBUG Name: _winner_cache
DEBUG Name: _winner_cache
DEBUG Name: _winner_cache
DEBUG Name: _winner_cache
DEBUG Name: _winner_cache
DEBUG Name: _winner_cache
DEBUG Name: _winner_cache
DEBUG Name: _winner_cache
DEBUG Name: _winner_cache
DEBUG Name: _winner_cache
DEBUG Name: _winner_cache
DEBUG Name: _winner_cache
DEBUG Name: _winner_cache
DEBUG Name: _winner_cache
DEBUG Name: _winner_cache
DEBUG Name: _winner_cache
DEBUG Name: _winner_cache
DEBUG Name: _winner_cache
DEBUG Name: _winner_cache
DEBUG Name: _winner_cache
DEBUG Name: _winner_cache
DEBUG Name: _winner_cache
DEBUG Name: _winner_cache
WARNING Not Found: /admin-media/css/base.css
WARNING Not Found: /admin-media/css/changelists.css
WARNING Not Found: /admin-media/js/admin/RelatedObjectLookups.js
WARNING Not Found: /admin-media/js/core.js
WARNING Not Found: /admin-media/js/jquery.init.js
WARNING Not Found: /admin-media/js/jquery.min.js
WARNING Not Found: /admin-media/js/actions.min.js
WARNING Not Found: /admin-media/img/admin/icon-yes.gif
WARNING Not Found: /admin-media/css/base.css/
WARNING Not Found: /admin-media/css/changelists.css/
WARNING Not Found: /admin-media/js/admin/RelatedObjectLookups.js/
WARNING Not Found: /admin-media/js/core.js/
WARNING Not Found: /admin-media/js/jquery.init.js/
WARNING Not Found: /admin-media/js/jquery.min.js/
WARNING Not Found: /admin-media/js/actions.min.js/
WARNING Not Found: /admin-media/img/admin/icon-yes.gif/
WARNING Not Found: /admin-media/js/core.js
WARNING Not Found: /admin-media/js/core.js/
WARNING Not Found: /admin-media/js/admin/RelatedObjectLookups.js
WARNING Not Found: /admin-media/js/admin/RelatedObjectLookups.js/
WARNING Not Found: /admin-media/js/jquery.min.js
WARNING Not Found: /admin-media/js/jquery.min.js/
WARNING Not Found: /admin-media/js/jquery.init.js
WARNING Not Found: /admin-media/js/jquery.init.js/
WARNING Not Found: /admin-media/js/actions.min.js
WARNING Not Found: /admin-media/js/actions.min.js/
WARNING Not Found: /admin-media/img/admin/icon-yes.gif
WARNING Not Found: /admin-media/img/admin/icon-yes.gif/
WARNING Not Found: /favicon.ico
WARNING Not Found: /favicon.ico/
2013-05-19 16:54:41 [4731] [INFO] Handling signal: term
--------------pubnub------------------
--------------pubnub------------------
--------------pubnub------------------
2013-05-19 16:54:41 [4731] [INFO] Shutting down: Master
2013-05-19 16:54:43 [5298] [INFO] Starting gunicorn 0.17.4
2013-05-19 16:54:43 [5298] [INFO] Listening at: http://127.0.0.1:8888 (5298)
2013-05-19 16:54:43 [5298] [INFO] Using worker: sync
2013-05-19 16:54:43 [5303] [INFO] Booting worker with pid: 5303
2013-05-19 16:54:43 [5304] [INFO] Booting worker with pid: 5304
2013-05-19 16:54:43 [5311] [INFO] Booting worker with pid: 5311
DEBUG Name: _item_cache
DEBUG Name: _winner_cache
DEBUG Name: _item_cache
DEBUG Name: _winner_cache
DEBUG Name: _item_cache
DEBUG Name: _winner_cache
DEBUG Name: _item_cache
DEBUG Name: _winner_cache
DEBUG Name: _item_cache
DEBUG Name: _winner_cache
DEBUG Name: _item_cache
DEBUG Name: _winner_cache
DEBUG Name: _item_cache
DEBUG Name: _winner_cache
DEBUG Name: _item_cache
DEBUG Name: _winner_cache
DEBUG Name: _item_cache
DEBUG Name: _winner_cache
DEBUG Name: _item_cache
DEBUG Name: _winner_cache
DEBUG Name: _item_cache
DEBUG Name: _winner_cache
DEBUG Name: _item_cache
DEBUG Name: _winner_cache
DEBUG Name: _item_cache
DEBUG Name: _winner_cache
DEBUG Name: _item_cache
DEBUG Name: _winner_cache
DEBUG Name: _item_cache
DEBUG Name: _winner_cache
DEBUG Name: _winner_cache
DEBUG Name: _winner_cache
DEBUG Name: _winner_cache
DEBUG Name: _winner_cache
DEBUG Name: _winner_cache
DEBUG Name: _winner_cache
DEBUG Name: _winner_cache
DEBUG Name: _winner_cache
DEBUG Name: _winner_cache
DEBUG Name: _winner_cache
DEBUG Name: _winner_cache
DEBUG Name: _winner_cache
DEBUG Name: _winner_cache
DEBUG Name: _winner_cache
DEBUG Name: _winner_cache
DEBUG Name: _winner_cache
DEBUG Name: _winner_cache
DEBUG Name: _winner_cache
DEBUG Name: _winner_cache
DEBUG Name: _winner_cache
DEBUG Name: _winner_cache
DEBUG Name: _winner_cache
DEBUG Name: _winner_cache
DEBUG Name: _winner_cache
DEBUG Name: _winner_cache
DEBUG Name: _winner_cache
DEBUG Name: _winner_cache
DEBUG Name: _winner_cache
DEBUG Name: _winner_cache
DEBUG Name: _winner_cache
DEBUG Name: _winner_cache
DEBUG Name: _winner_cache
DEBUG Name: _winner_cache
DEBUG Name: _winner_cache
DEBUG Name: _winner_cache
DEBUG Name: _winner_cache
DEBUG Name: _winner_cache
DEBUG Name: _winner_cache
DEBUG Name: _winner_cache
DEBUG Name: _winner_cache
DEBUG Name: _winner_cache
DEBUG Name: _winner_cache
DEBUG Name: _winner_cache
DEBUG Name: _winner_cache
DEBUG Name: _winner_cache
DEBUG Name: _winner_cache
DEBUG Name: _winner_cache
DEBUG Name: _winner_cache
DEBUG Name: _winner_cache
DEBUG Name: _winner_cache
DEBUG Name: _winner_cache
DEBUG Name: _winner_cache
DEBUG Name: _winner_cache
DEBUG Name: _winner_cache
DEBUG Name: _winner_cache
DEBUG Name: _winner_cache
DEBUG Name: _winner_cache
DEBUG Name: _winner_cache
DEBUG Name: _winner_cache
DEBUG Name: _winner_cache
DEBUG Name: _winner_cache
DEBUG Name: _winner_cache
DEBUG Name: _winner_cache
DEBUG Name: _winner_cache
DEBUG Name: _winner_cache
DEBUG Name: _winner_cache
DEBUG Name: _winner_cache
DEBUG Name: _winner_cache
DEBUG Name: _winner_cache
DEBUG Name: _winner_cache
DEBUG Name: _winner_cache
DEBUG Name: _winner_cache
DEBUG Name: _winner_cache
DEBUG Name: _winner_cache
DEBUG Name: _winner_cache
DEBUG Name: _winner_cache
DEBUG Name: _winner_cache
DEBUG Name: _winner_cache
DEBUG Name: _winner_cache
DEBUG Name: _winner_cache
DEBUG Name: _winner_cache
DEBUG Name: _winner_cache
DEBUG Name: _winner_cache
DEBUG Name: _winner_cache
DEBUG Name: _winner_cache
DEBUG Name: _winner_cache
DEBUG Name: _winner_cache
DEBUG Name: _winner_cache
DEBUG Name: _winner_cache
DEBUG Name: _winner_cache
DEBUG Name: _winner_cache
DEBUG Name: _winner_cache
DEBUG Name: _winner_cache
DEBUG Name: _winner_cache
DEBUG Name: _winner_cache
DEBUG Name: _winner_cache
DEBUG Name: _winner_cache
DEBUG Name: _winner_cache
DEBUG Name: _winner_cache
DEBUG Name: _winner_cache
DEBUG Name: _winner_cache
DEBUG Name: _winner_cache
DEBUG Name: _winner_cache
DEBUG Name: _winner_cache
DEBUG Name: _winner_cache
DEBUG Name: _winner_cache
DEBUG Name: _winner_cache
DEBUG Name: _winner_cache
DEBUG Name: _winner_cache
DEBUG Name: _winner_cache
DEBUG Name: _winner_cache
DEBUG Name: _winner_cache
DEBUG Name: _winner_cache
WARNING Not Found: /admin-media/css/base.css
WARNING Not Found: /admin-media/css/changelists.css
WARNING Not Found: /admin-media/js/core.js
WARNING Not Found: /admin-media/js/admin/RelatedObjectLookups.js
WARNING Not Found: /admin-media/js/jquery.min.js
WARNING Not Found: /admin-media/js/jquery.init.js
WARNING Not Found: /admin-media/js/actions.min.js
WARNING Not Found: /admin-media/img/admin/icon-yes.gif
WARNING Not Found: /admin-media/css/base.css/
WARNING Not Found: /admin-media/css/changelists.css/
WARNING Not Found: /admin-media/js/jquery.min.js/
WARNING Not Found: /admin-media/js/core.js/
WARNING Not Found: /admin-media/js/admin/RelatedObjectLookups.js/
WARNING Not Found: /admin-media/js/jquery.init.js/
WARNING Not Found: /admin-media/js/actions.min.js/
WARNING Not Found: /admin-media/img/admin/icon-yes.gif/
WARNING Not Found: /admin-media/js/jquery.init.js
WARNING Not Found: /admin-media/js/jquery.init.js/
WARNING Not Found: /admin-media/js/actions.min.js
WARNING Not Found: /admin-media/js/actions.min.js/
WARNING Not Found: /admin-media/img/admin/icon-yes.gif
WARNING Not Found: /admin-media/img/admin/icon-yes.gif/
DEBUG Name: _winner_cache
DEBUG Name: _winner_cache
DEBUG Name: _winner_cache
DEBUG Name: _winner_cache
DEBUG Name: _winner_cache
DEBUG Name: _winner_cache
DEBUG Name: _winner_cache
DEBUG Name: _winner_cache
DEBUG Name: _winner_cache
DEBUG Name: _winner_cache
DEBUG Name: _winner_cache
DEBUG Name: _winner_cache
DEBUG Name: _winner_cache
DEBUG Name: _winner_cache
DEBUG Name: _winner_cache
DEBUG Name: _winner_cache
DEBUG Name: _winner_cache
DEBUG Name: _winner_cache
DEBUG Name: _winner_cache
DEBUG Name: _winner_cache
DEBUG Name: _winner_cache
DEBUG Name: _winner_cache
DEBUG Name: _winner_cache
DEBUG Name: _winner_cache
DEBUG Name: _winner_cache
DEBUG Name: _winner_cache
DEBUG Name: _winner_cache
DEBUG Name: _winner_cache
DEBUG Name: _winner_cache
DEBUG Name: _winner_cache
DEBUG Name: _winner_cache
DEBUG Name: _winner_cache
DEBUG Name: _winner_cache
DEBUG Name: _winner_cache
DEBUG Name: _winner_cache
DEBUG Name: _winner_cache
DEBUG Name: _winner_cache
DEBUG Name: _winner_cache
DEBUG Name: _winner_cache
DEBUG Name: _winner_cache
DEBUG Name: _winner_cache
DEBUG Name: _winner_cache
DEBUG Name: _winner_cache
DEBUG Name: _winner_cache
DEBUG Name: _winner_cache
DEBUG Name: _winner_cache
DEBUG Name: _winner_cache
DEBUG Name: _winner_cache
DEBUG Name: _winner_cache
DEBUG Name: _winner_cache
DEBUG Name: _winner_cache
DEBUG Name: _winner_cache
DEBUG Name: _winner_cache
DEBUG Name: _winner_cache
DEBUG Name: _winner_cache
DEBUG Name: _winner_cache
DEBUG Name: _winner_cache
DEBUG Name: _winner_cache
DEBUG Name: _winner_cache
DEBUG Name: _winner_cache
DEBUG Name: _winner_cache
DEBUG Name: _winner_cache
DEBUG Name: _winner_cache
DEBUG Name: _winner_cache
DEBUG Name: _winner_cache
DEBUG Name: _winner_cache
DEBUG Name: _winner_cache
DEBUG Name: _winner_cache
DEBUG Name: _winner_cache
DEBUG Name: _winner_cache
DEBUG Name: _winner_cache
DEBUG Name: _winner_cache
DEBUG Name: _winner_cache
DEBUG Name: _winner_cache
DEBUG Name: _winner_cache
DEBUG Name: _winner_cache
DEBUG Name: _winner_cache
DEBUG Name: _winner_cache
DEBUG Name: _winner_cache
DEBUG Name: _winner_cache
DEBUG Name: _winner_cache
DEBUG Name: _winner_cache
DEBUG Name: _winner_cache
DEBUG Name: _winner_cache
DEBUG Name: _winner_cache
DEBUG Name: _winner_cache
DEBUG Name: _winner_cache
DEBUG Name: _winner_cache
DEBUG Name: _winner_cache
DEBUG Name: _winner_cache
DEBUG Name: _winner_cache
DEBUG Name: _winner_cache
DEBUG Name: _winner_cache
DEBUG Name: _winner_cache
DEBUG Name: _winner_cache
DEBUG Name: _winner_cache
DEBUG Name: _winner_cache
DEBUG Name: _winner_cache
DEBUG Name: _winner_cache
DEBUG Name: _winner_cache
DEBUG Name: _winner_cache
DEBUG Name: _winner_cache
DEBUG Name: _winner_cache
DEBUG Name: _winner_cache
DEBUG Name: _winner_cache
DEBUG Name: _winner_cache
DEBUG Name: _winner_cache
DEBUG Name: _winner_cache
DEBUG Name: _winner_cache
DEBUG Name: _winner_cache
DEBUG Name: _winner_cache
DEBUG Name: _winner_cache
DEBUG Name: _winner_cache
WARNING Not Found: /admin-media/css/base.css
WARNING Not Found: /admin-media/css/changelists.css
WARNING Not Found: /admin-media/js/core.js
WARNING Not Found: /admin-media/js/admin/RelatedObjectLookups.js
WARNING Not Found: /admin-media/js/jquery.min.js
WARNING Not Found: /admin-media/js/jquery.init.js
WARNING Not Found: /admin-media/js/actions.min.js
WARNING Not Found: /admin-media/img/admin/icon-yes.gif
WARNING Not Found: /admin-media/css/base.css/
WARNING Not Found: /admin-media/css/changelists.css/
WARNING Not Found: /admin-media/js/core.js/
WARNING Not Found: /admin-media/js/jquery.min.js/
WARNING Not Found: /admin-media/js/admin/RelatedObjectLookups.js/
WARNING Not Found: /admin-media/js/jquery.init.js/
WARNING Not Found: /admin-media/img/admin/icon-yes.gif/
WARNING Not Found: /admin-media/js/actions.min.js/
WARNING Not Found: /admin-media/js/admin/RelatedObjectLookups.js
WARNING Not Found: /admin-media/js/admin/RelatedObjectLookups.js/
WARNING Not Found: /admin-media/js/jquery.min.js
WARNING Not Found: /admin-media/js/jquery.min.js/
WARNING Not Found: /admin-media/js/jquery.init.js
WARNING Not Found: /admin-media/js/jquery.init.js/
WARNING Not Found: /admin-media/js/actions.min.js
WARNING Not Found: /admin-media/js/actions.min.js/
WARNING Not Found: /admin-media/img/admin/icon-yes.gif
WARNING Not Found: /admin-media/img/admin/icon-yes.gif/
WARNING Not Found: /admin-media/css/base.css
WARNING Not Found: /admin-media/css/base.css/
DEBUG Name: _winner_cache
DEBUG Name: _winner_cache
DEBUG Name: _winner_cache
DEBUG Name: _winner_cache
DEBUG Name: _winner_cache
DEBUG Name: _winner_cache
DEBUG Name: _winner_cache
DEBUG Name: _winner_cache
DEBUG Name: _winner_cache
DEBUG Name: _winner_cache
DEBUG Name: _winner_cache
DEBUG Name: _winner_cache
DEBUG Name: _winner_cache
DEBUG Name: _winner_cache
DEBUG Name: _winner_cache
DEBUG Name: _winner_cache
DEBUG Name: _winner_cache
DEBUG Name: _winner_cache
DEBUG Name: _winner_cache
DEBUG Name: _winner_cache
DEBUG Name: _winner_cache
DEBUG Name: _winner_cache
DEBUG Name: _winner_cache
DEBUG Name: _winner_cache
DEBUG Name: _winner_cache
DEBUG Name: _winner_cache
DEBUG Name: _winner_cache
DEBUG Name: _winner_cache
DEBUG Name: _winner_cache
DEBUG Name: _winner_cache
DEBUG Name: _winner_cache
DEBUG Name: _winner_cache
DEBUG Name: _winner_cache
DEBUG Name: _winner_cache
DEBUG Name: _winner_cache
DEBUG Name: _winner_cache
DEBUG Name: _winner_cache
DEBUG Name: _winner_cache
DEBUG Name: _winner_cache
DEBUG Name: _winner_cache
DEBUG Name: _winner_cache
DEBUG Name: _winner_cache
DEBUG Name: _winner_cache
DEBUG Name: _winner_cache
DEBUG Name: _winner_cache
DEBUG Name: _winner_cache
DEBUG Name: _winner_cache
DEBUG Name: _winner_cache
DEBUG Name: _winner_cache
DEBUG Name: _winner_cache
DEBUG Name: _winner_cache
DEBUG Name: _winner_cache
DEBUG Name: _winner_cache
DEBUG Name: _winner_cache
DEBUG Name: _winner_cache
DEBUG Name: _winner_cache
DEBUG Name: _winner_cache
DEBUG Name: _winner_cache
DEBUG Name: _winner_cache
DEBUG Name: _winner_cache
DEBUG Name: _winner_cache
DEBUG Name: _winner_cache
DEBUG Name: _winner_cache
DEBUG Name: _winner_cache
DEBUG Name: _winner_cache
DEBUG Name: _winner_cache
DEBUG Name: _winner_cache
DEBUG Name: _winner_cache
DEBUG Name: _winner_cache
DEBUG Name: _winner_cache
DEBUG Name: _winner_cache
DEBUG Name: _winner_cache
DEBUG Name: _winner_cache
DEBUG Name: _winner_cache
DEBUG Name: _winner_cache
DEBUG Name: _winner_cache
DEBUG Name: _winner_cache
DEBUG Name: _winner_cache
DEBUG Name: _winner_cache
DEBUG Name: _winner_cache
DEBUG Name: _winner_cache
DEBUG Name: _winner_cache
DEBUG Name: _winner_cache
DEBUG Name: _winner_cache
DEBUG Name: _winner_cache
DEBUG Name: _winner_cache
DEBUG Name: _winner_cache
DEBUG Name: _winner_cache
DEBUG Name: _winner_cache
DEBUG Name: _winner_cache
DEBUG Name: _winner_cache
DEBUG Name: _winner_cache
DEBUG Name: _winner_cache
DEBUG Name: _winner_cache
DEBUG Name: _winner_cache
DEBUG Name: _winner_cache
DEBUG Name: _winner_cache
DEBUG Name: _winner_cache
DEBUG Name: _winner_cache
DEBUG Name: _winner_cache
DEBUG Name: _winner_cache
DEBUG Name: _winner_cache
DEBUG Name: _winner_cache
DEBUG Name: _winner_cache
DEBUG Name: _winner_cache
DEBUG Name: _winner_cache
DEBUG Name: _winner_cache
DEBUG Name: _winner_cache
DEBUG Name: _winner_cache
DEBUG Name: _winner_cache
DEBUG Name: _winner_cache
DEBUG Name: _winner_cache
DEBUG Name: _winner_cache
WARNING Not Found: /admin-media/css/base.css
WARNING Not Found: /admin-media/css/changelists.css
WARNING Not Found: /admin-media/js/core.js
WARNING Not Found: /admin-media/js/admin/RelatedObjectLookups.js
WARNING Not Found: /admin-media/js/jquery.min.js
WARNING Not Found: /admin-media/js/jquery.init.js
WARNING Not Found: /admin-media/js/actions.min.js
WARNING Not Found: /admin-media/img/admin/icon-yes.gif
WARNING Not Found: /admin-media/css/base.css/
WARNING Not Found: /admin-media/js/core.js/
WARNING Not Found: /admin-media/css/changelists.css/
WARNING Not Found: /admin-media/js/jquery.min.js/
WARNING Not Found: /admin-media/js/admin/RelatedObjectLookups.js/
WARNING Not Found: /admin-media/js/jquery.init.js/
WARNING Not Found: /admin-media/js/actions.min.js/
WARNING Not Found: /admin-media/img/admin/icon-yes.gif/
WARNING Not Found: /admin-media/js/core.js
WARNING Not Found: /admin-media/js/core.js/
WARNING Not Found: /admin-media/js/admin/RelatedObjectLookups.js
WARNING Not Found: /admin-media/js/admin/RelatedObjectLookups.js/
WARNING Not Found: /admin-media/js/jquery.min.js
WARNING Not Found: /admin-media/js/jquery.min.js/
WARNING Not Found: /admin-media/js/jquery.init.js
WARNING Not Found: /admin-media/js/jquery.init.js/
WARNING Not Found: /admin-media/js/actions.min.js
WARNING Not Found: /admin-media/js/actions.min.js/
WARNING Not Found: /admin-media/img/admin/icon-yes.gif
WARNING Not Found: /admin-media/img/admin/icon-yes.gif/
WARNING Not Found: /admin-media/css/base.css
WARNING Not Found: /admin-media/css/forms.css
WARNING Not Found: /admin-media/js/core.js
WARNING Not Found: /admin-media/js/admin/RelatedObjectLookups.js
WARNING Not Found: /admin-media/js/jquery.min.js
WARNING Not Found: /admin-media/js/jquery.init.js
WARNING Not Found: /admin-media/js/actions.min.js
WARNING Not Found: /admin-media/js/calendar.js
WARNING Not Found: /admin-media/js/admin/DateTimeShortcuts.js
WARNING Not Found: /admin-media/js/collapse.min.js
WARNING Not Found: /admin-media/css/base.css/
WARNING Not Found: /admin-media/img/admin/icon_addlink.gif
WARNING Not Found: /admin-media/css/forms.css/
WARNING Not Found: /admin-media/js/core.js/
WARNING Not Found: /admin-media/js/jquery.min.js/
WARNING Not Found: /admin-media/js/admin/RelatedObjectLookups.js/
WARNING Not Found: /admin-media/js/actions.min.js/
WARNING Not Found: /admin-media/js/jquery.init.js/
WARNING Not Found: /admin-media/js/calendar.js/
WARNING Not Found: /admin-media/js/collapse.min.js/
WARNING Not Found: /admin-media/js/admin/DateTimeShortcuts.js/
WARNING Not Found: /admin-media/img/admin/icon_addlink.gif/
WARNING Not Found: /admin-media/js/core.js
WARNING Not Found: /admin-media/js/core.js/
WARNING Not Found: /admin-media/js/admin/RelatedObjectLookups.js
WARNING Not Found: /admin-media/js/admin/RelatedObjectLookups.js/
WARNING Not Found: /admin-media/js/jquery.min.js
WARNING Not Found: /admin-media/js/jquery.min.js/
WARNING Not Found: /admin-media/js/jquery.init.js
WARNING Not Found: /admin-media/js/jquery.init.js/
WARNING Not Found: /admin-media/js/actions.min.js
WARNING Not Found: /admin-media/js/actions.min.js/
WARNING Not Found: /admin-media/js/calendar.js
WARNING Not Found: /admin-media/js/calendar.js/
WARNING Not Found: /admin-media/js/admin/DateTimeShortcuts.js
WARNING Not Found: /admin-media/js/admin/DateTimeShortcuts.js/
WARNING Not Found: /admin-media/js/collapse.min.js
WARNING Not Found: /admin-media/js/collapse.min.js/
WARNING Not Found: /admin-media/img/admin/icon_addlink.gif
WARNING Not Found: /admin-media/img/admin/icon_addlink.gif/
DEBUG Name: _winner_cache
DEBUG Name: completion
DEBUG Name: auction
DEBUG Name: completion
DEBUG Name: auction
DEBUG Name: _winner_cache
DEBUG Name: _winner_cache
DEBUG Name: _winner_cache
DEBUG Name: _winner_cache
DEBUG Name: _winner_cache
DEBUG Name: _winner_cache
DEBUG Name: _winner_cache
DEBUG Name: _winner_cache
DEBUG Name: _winner_cache
DEBUG Name: _winner_cache
DEBUG Name: _winner_cache
DEBUG Name: _winner_cache
DEBUG Name: _winner_cache
DEBUG Name: _winner_cache
DEBUG Name: _winner_cache
DEBUG Name: _winner_cache
DEBUG Name: _winner_cache
DEBUG Name: _winner_cache
DEBUG Name: _winner_cache
DEBUG Name: _winner_cache
DEBUG Name: _winner_cache
DEBUG Name: _winner_cache
DEBUG Name: _winner_cache
DEBUG Name: _winner_cache
DEBUG Name: _winner_cache
DEBUG Name: _winner_cache
DEBUG Name: _winner_cache
DEBUG Name: _winner_cache
DEBUG Name: _winner_cache
DEBUG Name: _winner_cache
DEBUG Name: _winner_cache
DEBUG Name: _winner_cache
DEBUG Name: _winner_cache
DEBUG Name: _winner_cache
DEBUG Name: _winner_cache
DEBUG Name: _winner_cache
DEBUG Name: _winner_cache
DEBUG Name: _winner_cache
DEBUG Name: _winner_cache
DEBUG Name: _winner_cache
DEBUG Name: _winner_cache
DEBUG Name: _winner_cache
DEBUG Name: _winner_cache
DEBUG Name: _winner_cache
DEBUG Name: _winner_cache
DEBUG Name: _winner_cache
DEBUG Name: _winner_cache
DEBUG Name: _winner_cache
DEBUG Name: _winner_cache
DEBUG Name: _winner_cache
DEBUG Name: _winner_cache
DEBUG Name: _winner_cache
DEBUG Name: _winner_cache
DEBUG Name: _winner_cache
DEBUG Name: _winner_cache
DEBUG Name: _winner_cache
DEBUG Name: _winner_cache
DEBUG Name: _winner_cache
DEBUG Name: _winner_cache
DEBUG Name: _winner_cache
DEBUG Name: _winner_cache
DEBUG Name: _winner_cache
DEBUG Name: _winner_cache
DEBUG Name: _winner_cache
DEBUG Name: _winner_cache
DEBUG Name: _winner_cache
DEBUG Name: _winner_cache
DEBUG Name: _winner_cache
DEBUG Name: _winner_cache
DEBUG Name: _winner_cache
DEBUG Name: _winner_cache
DEBUG Name: _winner_cache
DEBUG Name: _winner_cache
DEBUG Name: _winner_cache
DEBUG Name: _winner_cache
DEBUG Name: _winner_cache
DEBUG Name: _winner_cache
DEBUG Name: _winner_cache
DEBUG Name: _winner_cache
DEBUG Name: _winner_cache
DEBUG Name: _winner_cache
DEBUG Name: _winner_cache
DEBUG Name: _winner_cache
DEBUG Name: _winner_cache
DEBUG Name: _winner_cache
DEBUG Name: _winner_cache
DEBUG Name: _winner_cache
DEBUG Name: _winner_cache
DEBUG Name: _winner_cache
DEBUG Name: _winner_cache
DEBUG Name: _winner_cache
DEBUG Name: _winner_cache
DEBUG Name: _winner_cache
DEBUG Name: _winner_cache
DEBUG Name: _winner_cache
DEBUG Name: _winner_cache
DEBUG Name: _winner_cache
DEBUG Name: _winner_cache
DEBUG Name: _winner_cache
DEBUG Name: _winner_cache
DEBUG Name: _winner_cache
DEBUG Name: _winner_cache
DEBUG Name: _winner_cache
DEBUG Name: _winner_cache
DEBUG Name: _winner_cache
DEBUG Name: _winner_cache
DEBUG Name: _winner_cache
DEBUG Name: _winner_cache
DEBUG Name: _winner_cache
DEBUG Name: _winner_cache
DEBUG Name: _winner_cache
DEBUG Name: _winner_cache
DEBUG Name: _winner_cache
DEBUG Name: _winner_cache
DEBUG Name: _winner_cache
DEBUG Name: _winner_cache
WARNING Not Found: /admin-media/css/base.css
WARNING Not Found: /admin-media/css/changelists.css
WARNING Not Found: /admin-media/js/core.js
WARNING Not Found: /admin-media/js/jquery.min.js
WARNING Not Found: /admin-media/js/jquery.init.js
WARNING Not Found: /admin-media/js/admin/RelatedObjectLookups.js
WARNING Not Found: /admin-media/js/actions.min.js
WARNING Not Found: /admin-media/img/admin/icon-yes.gif
WARNING Not Found: /admin-media/css/base.css/
WARNING Not Found: /admin-media/js/core.js/
WARNING Not Found: /admin-media/css/changelists.css/
WARNING Not Found: /admin-media/js/jquery.init.js/
WARNING Not Found: /admin-media/js/actions.min.js/
WARNING Not Found: /admin-media/js/admin/RelatedObjectLookups.js/
WARNING Not Found: /admin-media/js/jquery.min.js/
WARNING Not Found: /admin-media/img/admin/icon-yes.gif/
WARNING Not Found: /admin-media/js/core.js
WARNING Not Found: /admin-media/js/core.js/
WARNING Not Found: /admin-media/js/admin/RelatedObjectLookups.js
WARNING Not Found: /admin-media/js/admin/RelatedObjectLookups.js/
WARNING Not Found: /admin-media/js/jquery.min.js
WARNING Not Found: /admin-media/js/jquery.min.js/
WARNING Not Found: /admin-media/js/jquery.init.js
WARNING Not Found: /admin-media/js/jquery.init.js/
WARNING Not Found: /admin-media/js/actions.min.js
WARNING Not Found: /admin-media/js/actions.min.js/
WARNING Not Found: /admin-media/img/admin/icon-yes.gif
WARNING Not Found: /admin-media/img/admin/icon-yes.gif/
DEBUG Name: completion
DEBUG Name: auction
DEBUG Name: _item_cache
DEBUG Name: completion
DEBUG Name: auction
DEBUG Name: _item_cache
DEBUG Name: _winner_cache
DEBUG Name: _item_cache
DEBUG Name: _winner_cache
DEBUG Name: _item_cache
DEBUG Name: _winner_cache
DEBUG Name: _item_cache
DEBUG Name: _winner_cache
DEBUG Name: _item_cache
DEBUG Name: _winner_cache
DEBUG Name: can_precap
DEBUG Name: evaluate
DEBUG Name: __iter__
DEBUG Name: value_annotation
DEBUG Name: prepare
DEBUG Name: _prepare
DEBUG Name: place_precap_bid
DEBUG Name: evaluate
DEBUG Name: __iter__
DEBUG Name: value_annotation
DEBUG Name: prepare
DEBUG Name: _prepare
DEBUG Name: _precap_bids_needed
DEBUG Name: auction
DEBUG Name: completion
DEBUG Name: auction
DEBUG Name: can_precap
DEBUG Name: evaluate
DEBUG Name: __iter__
DEBUG Name: value_annotation
DEBUG Name: prepare
DEBUG Name: _prepare
DEBUG Name: place_precap_bid
DEBUG Name: evaluate
DEBUG Name: __iter__
DEBUG Name: value_annotation
DEBUG Name: prepare
DEBUG Name: _prepare
DEBUG Name: _precap_bids_needed
DEBUG Name: auction
DEBUG Name: completion
DEBUG Name: auction
DEBUG Name: _item_cache
DEBUG Name: _winner_cache
DEBUG Name: _item_cache
DEBUG Name: _winner_cache
DEBUG Name: _item_cache
DEBUG Name: _winner_cache
DEBUG Name: _item_cache
DEBUG Name: _winner_cache
DEBUG Name: _item_cache
DEBUG Name: _winner_cache
DEBUG Name: completion
DEBUG Name: auction
DEBUG Name: _item_cache
DEBUG Name: completion
DEBUG Name: auction
DEBUG Name: evaluate
DEBUG Name: __iter__
DEBUG Name: value_annotation
DEBUG Name: prepare
DEBUG Name: _prepare
DEBUG Name: evaluate
DEBUG Name: __iter__
DEBUG Name: value_annotation
DEBUG Name: prepare
DEBUG Name: _prepare
DEBUG Name: evaluate
DEBUG Name: __iter__
DEBUG Name: value_annotation
DEBUG Name: prepare
DEBUG Name: _prepare
DEBUG Name: evaluate
DEBUG Name: __iter__
DEBUG Name: value_annotation
DEBUG Name: prepare
DEBUG Name: _prepare
DEBUG Name: _item_cache
DEBUG Name: _winner_cache
DEBUG Name: _item_cache
DEBUG Name: _winner_cache
DEBUG Name: _item_cache
DEBUG Name: _winner_cache
DEBUG Name: _item_cache
DEBUG Name: _winner_cache
DEBUG Name: _item_cache
DEBUG Name: _winner_cache
DEBUG Name: completion
DEBUG Name: auction
DEBUG Name: _item_cache
DEBUG Name: completion
DEBUG Name: auction
DEBUG Name: evaluate
DEBUG Name: __iter__
DEBUG Name: value_annotation
DEBUG Name: prepare
DEBUG Name: _prepare
DEBUG Name: evaluate
DEBUG Name: __iter__
DEBUG Name: value_annotation
DEBUG Name: prepare
DEBUG Name: _prepare
DEBUG Name: evaluate
DEBUG Name: __iter__
DEBUG Name: value_annotation
DEBUG Name: prepare
DEBUG Name: _prepare
DEBUG Name: evaluate
DEBUG Name: __iter__
DEBUG Name: value_annotation
DEBUG Name: prepare
DEBUG Name: _prepare
DEBUG Name: evaluate
DEBUG Name: __iter__
DEBUG Name: value_annotation
DEBUG Name: prepare
DEBUG Name: _prepare
DEBUG Name: can_precap
DEBUG Name: evaluate
DEBUG Name: __iter__
DEBUG Name: value_annotation
DEBUG Name: prepare
DEBUG Name: _prepare
DEBUG Name: place_precap_bid
DEBUG Name: evaluate
DEBUG Name: __iter__
DEBUG Name: value_annotation
DEBUG Name: prepare
DEBUG Name: _prepare
DEBUG Name: _precap_bids_needed
DEBUG Name: auction
DEBUG Name: completion
DEBUG Name: auction
DEBUG Name: evaluate
DEBUG Name: __iter__
DEBUG Name: value_annotation
DEBUG Name: prepare
DEBUG Name: _prepare
DEBUG Name: can_precap
DEBUG Name: evaluate
DEBUG Name: __iter__
DEBUG Name: value_annotation
DEBUG Name: prepare
DEBUG Name: _prepare
DEBUG Name: place_precap_bid
DEBUG Name: evaluate
DEBUG Name: __iter__
DEBUG Name: value_annotation
DEBUG Name: prepare
DEBUG Name: _prepare
DEBUG Name: _precap_bids_needed
DEBUG Name: auction
DEBUG Name: finish_precap
DEBUG Name: can_bid
DEBUG Name: get_last_bidder
DEBUG Name: evaluate
DEBUG Name: __iter__
DEBUG Name: value_annotation
DEBUG Name: prepare
DEBUG Name: _prepare
DEBUG Name: bid
DEBUG Name: get_time_left
DEBUG Name: get_latest_bid
DEBUG Name: get_last_bidder
DEBUG Name: get_last_bidder
DEBUG Name: can_bid
DEBUG Name: get_last_bidder
DEBUG Name: evaluate
DEBUG Name: __iter__
DEBUG Name: value_annotation
DEBUG Name: prepare
DEBUG Name: _prepare
DEBUG Name: bid
DEBUG Name: get_time_left
DEBUG Name: get_latest_bid
DEBUG Name: get_last_bidder
DEBUG Name: get_last_bidder
DEBUG Name: auction
DEBUG Name: pause
DEBUG Name: auction
DEBUG Name: pause
DEBUG Name: can_bid
DEBUG Name: get_last_bidder
DEBUG Name: _item_cache
DEBUG Name: _winner_cache
DEBUG Name: _item_cache
DEBUG Name: _winner_cache
DEBUG Name: _item_cache
DEBUG Name: _winner_cache
DEBUG Name: _item_cache
DEBUG Name: _winner_cache
DEBUG Name: _item_cache
DEBUG Name: _winner_cache
DEBUG Name: _item_cache
DEBUG Name: _winner_cache
DEBUG Name: _item_cache
DEBUG Name: _winner_cache
DEBUG Name: _item_cache
DEBUG Name: _winner_cache
DEBUG Name: _item_cache
DEBUG Name: _winner_cache
DEBUG Name: _item_cache
DEBUG Name: _winner_cache
WARNING Not Found: /admin-media/css/base.css
WARNING Not Found: /admin-media/css/forms.css
WARNING Not Found: /admin-media/js/core.js
WARNING Not Found: /admin-media/js/admin/RelatedObjectLookups.js
WARNING Not Found: /admin-media/js/jquery.min.js
WARNING Not Found: /admin-media/js/jquery.init.js
WARNING Not Found: /admin-media/js/actions.min.js
WARNING Not Found: /admin-media/js/calendar.js
WARNING Not Found: /admin-media/js/admin/DateTimeShortcuts.js
WARNING Not Found: /admin-media/js/collapse.min.js
WARNING Not Found: /admin-media/img/admin/icon_addlink.gif
WARNING Not Found: /admin-media/css/base.css/
WARNING Not Found: /admin-media/css/forms.css/
WARNING Not Found: /admin-media/js/core.js/
WARNING Not Found: /admin-media/js/admin/RelatedObjectLookups.js/
WARNING Not Found: /admin-media/js/jquery.min.js/
WARNING Not Found: /admin-media/js/jquery.init.js/
WARNING Not Found: /admin-media/js/actions.min.js/
WARNING Not Found: /admin-media/js/calendar.js/
WARNING Not Found: /admin-media/js/admin/DateTimeShortcuts.js/
WARNING Not Found: /admin-media/js/collapse.min.js/
WARNING Not Found: /admin-media/img/admin/icon_addlink.gif/
WARNING Not Found: /admin-media/js/admin/DateTimeShortcuts.js
WARNING Not Found: /admin-media/js/admin/DateTimeShortcuts.js/
WARNING Not Found: /admin-media/js/collapse.min.js
WARNING Not Found: /admin-media/js/collapse.min.js/
WARNING Not Found: /admin-media/img/admin/icon_addlink.gif
WARNING Not Found: /admin-media/img/admin/icon_addlink.gif/
DEBUG Name: _winner_cache
DEBUG Name: completion
DEBUG Name: auction
DEBUG Name: completion
DEBUG Name: auction
DEBUG Name: _winner_cache
DEBUG Name: _winner_cache
DEBUG Name: _winner_cache
DEBUG Name: _winner_cache
DEBUG Name: _winner_cache
DEBUG Name: _winner_cache
DEBUG Name: _winner_cache
DEBUG Name: _winner_cache
DEBUG Name: _winner_cache
DEBUG Name: _winner_cache
DEBUG Name: _winner_cache
DEBUG Name: _winner_cache
DEBUG Name: _winner_cache
DEBUG Name: _winner_cache
DEBUG Name: _winner_cache
DEBUG Name: _winner_cache
DEBUG Name: _winner_cache
DEBUG Name: _winner_cache
DEBUG Name: _winner_cache
DEBUG Name: _winner_cache
DEBUG Name: _winner_cache
DEBUG Name: _winner_cache
DEBUG Name: _winner_cache
DEBUG Name: _winner_cache
DEBUG Name: _winner_cache
DEBUG Name: _winner_cache
DEBUG Name: _winner_cache
DEBUG Name: _winner_cache
DEBUG Name: _winner_cache
DEBUG Name: _winner_cache
DEBUG Name: _winner_cache
DEBUG Name: _winner_cache
DEBUG Name: _winner_cache
DEBUG Name: _winner_cache
DEBUG Name: _winner_cache
DEBUG Name: _winner_cache
DEBUG Name: _winner_cache
DEBUG Name: _winner_cache
DEBUG Name: _winner_cache
DEBUG Name: _winner_cache
DEBUG Name: _winner_cache
DEBUG Name: _winner_cache
DEBUG Name: _winner_cache
DEBUG Name: _winner_cache
DEBUG Name: _winner_cache
DEBUG Name: _winner_cache
DEBUG Name: _winner_cache
DEBUG Name: _winner_cache
DEBUG Name: _winner_cache
DEBUG Name: _winner_cache
DEBUG Name: _winner_cache
DEBUG Name: _winner_cache
DEBUG Name: _winner_cache
DEBUG Name: _winner_cache
DEBUG Name: _winner_cache
DEBUG Name: _winner_cache
DEBUG Name: _winner_cache
DEBUG Name: _winner_cache
DEBUG Name: _winner_cache
DEBUG Name: _winner_cache
DEBUG Name: _winner_cache
DEBUG Name: _winner_cache
DEBUG Name: _winner_cache
DEBUG Name: _winner_cache
DEBUG Name: _winner_cache
DEBUG Name: _winner_cache
DEBUG Name: _winner_cache
DEBUG Name: _winner_cache
DEBUG Name: _winner_cache
DEBUG Name: _winner_cache
DEBUG Name: _winner_cache
DEBUG Name: _winner_cache
DEBUG Name: _winner_cache
DEBUG Name: _winner_cache
DEBUG Name: _winner_cache
DEBUG Name: _winner_cache
DEBUG Name: _winner_cache
DEBUG Name: _winner_cache
DEBUG Name: _winner_cache
DEBUG Name: _winner_cache
DEBUG Name: _winner_cache
DEBUG Name: _winner_cache
DEBUG Name: _winner_cache
DEBUG Name: _winner_cache
DEBUG Name: _winner_cache
DEBUG Name: _winner_cache
DEBUG Name: _winner_cache
DEBUG Name: _winner_cache
DEBUG Name: _winner_cache
DEBUG Name: _winner_cache
DEBUG Name: _winner_cache
DEBUG Name: _winner_cache
DEBUG Name: _winner_cache
DEBUG Name: _winner_cache
DEBUG Name: _winner_cache
DEBUG Name: _winner_cache
DEBUG Name: _winner_cache
DEBUG Name: _winner_cache
DEBUG Name: _winner_cache
DEBUG Name: _winner_cache
DEBUG Name: _winner_cache
DEBUG Name: _winner_cache
DEBUG Name: _winner_cache
DEBUG Name: _winner_cache
DEBUG Name: _winner_cache
DEBUG Name: _winner_cache
DEBUG Name: _winner_cache
DEBUG Name: _winner_cache
DEBUG Name: _winner_cache
DEBUG Name: _winner_cache
DEBUG Name: _winner_cache
DEBUG Name: _winner_cache
DEBUG Name: _winner_cache
DEBUG Name: _winner_cache
DEBUG Name: _winner_cache
DEBUG Name: _winner_cache
DEBUG Name: _winner_cache
DEBUG Name: _winner_cache
DEBUG Name: _winner_cache
WARNING Not Found: /admin-media/css/base.css
WARNING Not Found: /admin-media/css/changelists.css
WARNING Not Found: /admin-media/js/core.js
WARNING Not Found: /admin-media/js/admin/RelatedObjectLookups.js
WARNING Not Found: /admin-media/js/jquery.min.js
WARNING Not Found: /admin-media/js/jquery.init.js
WARNING Not Found: /admin-media/js/actions.min.js
WARNING Not Found: /admin-media/img/admin/icon-yes.gif
WARNING Not Found: /admin-media/css/base.css/
WARNING Not Found: /admin-media/css/changelists.css/
WARNING Not Found: /admin-media/js/core.js/
WARNING Not Found: /admin-media/js/admin/RelatedObjectLookups.js/
WARNING Not Found: /admin-media/js/jquery.min.js/
WARNING Not Found: /admin-media/js/jquery.init.js/
WARNING Not Found: /admin-media/js/actions.min.js/
WARNING Not Found: /admin-media/img/admin/icon-yes.gif/
WARNING Not Found: /admin-media/js/core.js
WARNING Not Found: /admin-media/js/core.js/
WARNING Not Found: /admin-media/js/admin/RelatedObjectLookups.js
WARNING Not Found: /admin-media/js/admin/RelatedObjectLookups.js/
WARNING Not Found: /admin-media/js/jquery.min.js
WARNING Not Found: /admin-media/js/jquery.min.js/
WARNING Not Found: /admin-media/js/jquery.init.js
WARNING Not Found: /admin-media/js/jquery.init.js/
WARNING Not Found: /admin-media/js/actions.min.js
WARNING Not Found: /admin-media/js/actions.min.js/
WARNING Not Found: /admin-media/img/admin/icon-yes.gif
WARNING Not Found: /admin-media/img/admin/icon-yes.gif/
DEBUG Name: completion
DEBUG Name: auction
DEBUG Name: _item_cache
DEBUG Name: completion
DEBUG Name: auction
DEBUG Name: _item_cache
DEBUG Name: _winner_cache
DEBUG Name: _item_cache
DEBUG Name: _winner_cache
DEBUG Name: _item_cache
DEBUG Name: _winner_cache
DEBUG Name: _item_cache
DEBUG Name: _winner_cache
DEBUG Name: _item_cache
DEBUG Name: _winner_cache
DEBUG Name: can_precap
DEBUG Name: evaluate
DEBUG Name: __iter__
DEBUG Name: value_annotation
DEBUG Name: prepare
DEBUG Name: _prepare
DEBUG Name: place_precap_bid
DEBUG Name: evaluate
DEBUG Name: __iter__
DEBUG Name: value_annotation
DEBUG Name: prepare
DEBUG Name: _prepare
DEBUG Name: _precap_bids_needed
DEBUG Name: auction
DEBUG Name: completion
DEBUG Name: auction
DEBUG Name: _item_cache
DEBUG Name: _winner_cache
DEBUG Name: _item_cache
DEBUG Name: _winner_cache
DEBUG Name: _item_cache
DEBUG Name: _winner_cache
DEBUG Name: _item_cache
DEBUG Name: _winner_cache
DEBUG Name: _item_cache
DEBUG Name: _winner_cache
DEBUG Name: completion
DEBUG Name: auction
DEBUG Name: _item_cache
DEBUG Name: completion
DEBUG Name: auction
DEBUG Name: evaluate
DEBUG Name: __iter__
DEBUG Name: value_annotation
DEBUG Name: prepare
DEBUG Name: _prepare
DEBUG Name: evaluate
DEBUG Name: __iter__
DEBUG Name: value_annotation
DEBUG Name: prepare
DEBUG Name: _prepare
DEBUG Name: evaluate
DEBUG Name: __iter__
DEBUG Name: value_annotation
DEBUG Name: prepare
DEBUG Name: _prepare
DEBUG Name: evaluate
DEBUG Name: __iter__
DEBUG Name: value_annotation
DEBUG Name: prepare
DEBUG Name: _prepare
DEBUG Name: can_precap
DEBUG Name: evaluate
DEBUG Name: __iter__
DEBUG Name: value_annotation
DEBUG Name: prepare
DEBUG Name: _prepare
DEBUG Name: place_precap_bid
DEBUG Name: evaluate
DEBUG Name: __iter__
DEBUG Name: value_annotation
DEBUG Name: prepare
DEBUG Name: _prepare
DEBUG Name: _precap_bids_needed
DEBUG Name: auction
DEBUG Name: completion
DEBUG Name: auction
DEBUG Name: _item_cache
DEBUG Name: _winner_cache
DEBUG Name: _item_cache
DEBUG Name: _winner_cache
DEBUG Name: _item_cache
DEBUG Name: _winner_cache
DEBUG Name: _item_cache
DEBUG Name: _winner_cache
DEBUG Name: _item_cache
DEBUG Name: _winner_cache
DEBUG Name: completion
DEBUG Name: auction
DEBUG Name: _item_cache
DEBUG Name: completion
DEBUG Name: auction
DEBUG Name: evaluate
DEBUG Name: __iter__
DEBUG Name: value_annotation
DEBUG Name: prepare
DEBUG Name: _prepare
DEBUG Name: evaluate
DEBUG Name: __iter__
DEBUG Name: value_annotation
DEBUG Name: prepare
DEBUG Name: _prepare
DEBUG Name: evaluate
DEBUG Name: __iter__
DEBUG Name: value_annotation
DEBUG Name: prepare
DEBUG Name: _prepare
DEBUG Name: evaluate
DEBUG Name: __iter__
DEBUG Name: value_annotation
DEBUG Name: prepare
DEBUG Name: _prepare
DEBUG Name: evaluate
DEBUG Name: __iter__
DEBUG Name: value_annotation
DEBUG Name: prepare
DEBUG Name: _prepare
DEBUG Name: can_precap
DEBUG Name: evaluate
DEBUG Name: __iter__
DEBUG Name: value_annotation
DEBUG Name: prepare
DEBUG Name: _prepare
DEBUG Name: place_precap_bid
DEBUG Name: evaluate
DEBUG Name: __iter__
DEBUG Name: value_annotation
DEBUG Name: prepare
DEBUG Name: _prepare
DEBUG Name: _precap_bids_needed
DEBUG Name: auction
DEBUG Name: completion
DEBUG Name: auction
DEBUG Name: evaluate
DEBUG Name: __iter__
DEBUG Name: value_annotation
DEBUG Name: prepare
DEBUG Name: _prepare
DEBUG Name: can_precap
DEBUG Name: evaluate
DEBUG Name: __iter__
DEBUG Name: value_annotation
DEBUG Name: prepare
DEBUG Name: _prepare
DEBUG Name: place_precap_bid
DEBUG Name: evaluate
DEBUG Name: __iter__
DEBUG Name: value_annotation
DEBUG Name: prepare
DEBUG Name: _prepare
DEBUG Name: _precap_bids_needed
DEBUG Name: auction
DEBUG Name: completion
DEBUG Name: auction
DEBUG Name: evaluate
DEBUG Name: __iter__
DEBUG Name: value_annotation
DEBUG Name: prepare
DEBUG Name: _prepare
DEBUG Name: can_precap
DEBUG Name: evaluate
DEBUG Name: __iter__
DEBUG Name: value_annotation
DEBUG Name: prepare
DEBUG Name: _prepare
DEBUG Name: place_precap_bid
DEBUG Name: evaluate
DEBUG Name: __iter__
DEBUG Name: value_annotation
DEBUG Name: prepare
DEBUG Name: _prepare
DEBUG Name: _precap_bids_needed
DEBUG Name: auction
DEBUG Name: completion
DEBUG Name: auction
DEBUG Name: evaluate
DEBUG Name: __iter__
DEBUG Name: value_annotation
DEBUG Name: prepare
DEBUG Name: _prepare
DEBUG Name: can_precap
DEBUG Name: evaluate
DEBUG Name: __iter__
DEBUG Name: value_annotation
DEBUG Name: prepare
DEBUG Name: _prepare
DEBUG Name: place_precap_bid
DEBUG Name: evaluate
DEBUG Name: __iter__
DEBUG Name: value_annotation
DEBUG Name: prepare
DEBUG Name: _prepare
DEBUG Name: _precap_bids_needed
DEBUG Name: auction
DEBUG Name: completion
DEBUG Name: auction
DEBUG Name: evaluate
DEBUG Name: __iter__
DEBUG Name: value_annotation
DEBUG Name: prepare
DEBUG Name: _prepare
DEBUG Name: can_precap
DEBUG Name: evaluate
DEBUG Name: __iter__
DEBUG Name: value_annotation
DEBUG Name: prepare
DEBUG Name: _prepare
DEBUG Name: place_precap_bid
DEBUG Name: evaluate
DEBUG Name: __iter__
DEBUG Name: value_annotation
DEBUG Name: prepare
DEBUG Name: _prepare
DEBUG Name: _precap_bids_needed
DEBUG Name: auction
DEBUG Name: completion
DEBUG Name: auction
DEBUG Name: evaluate
DEBUG Name: __iter__
DEBUG Name: value_annotation
DEBUG Name: prepare
DEBUG Name: _prepare
DEBUG Name: can_precap
DEBUG Name: evaluate
DEBUG Name: __iter__
DEBUG Name: value_annotation
DEBUG Name: prepare
DEBUG Name: _prepare
DEBUG Name: place_precap_bid
DEBUG Name: evaluate
DEBUG Name: __iter__
DEBUG Name: value_annotation
DEBUG Name: prepare
DEBUG Name: _prepare
DEBUG Name: _precap_bids_needed
DEBUG Name: auction
DEBUG Name: completion
DEBUG Name: auction
DEBUG Name: evaluate
DEBUG Name: __iter__
DEBUG Name: value_annotation
DEBUG Name: prepare
DEBUG Name: _prepare
DEBUG Name: can_precap
DEBUG Name: evaluate
DEBUG Name: __iter__
DEBUG Name: value_annotation
DEBUG Name: prepare
DEBUG Name: _prepare
DEBUG Name: place_precap_bid
DEBUG Name: evaluate
DEBUG Name: __iter__
DEBUG Name: value_annotation
DEBUG Name: prepare
DEBUG Name: _prepare
DEBUG Name: _precap_bids_needed
DEBUG Name: auction
DEBUG Name: completion
DEBUG Name: auction
DEBUG Name: evaluate
DEBUG Name: __iter__
DEBUG Name: value_annotation
DEBUG Name: prepare
DEBUG Name: _prepare
DEBUG Name: can_precap
DEBUG Name: evaluate
DEBUG Name: __iter__
DEBUG Name: value_annotation
DEBUG Name: prepare
DEBUG Name: _prepare
DEBUG Name: place_precap_bid
DEBUG Name: evaluate
DEBUG Name: __iter__
DEBUG Name: value_annotation
DEBUG Name: prepare
DEBUG Name: _prepare
DEBUG Name: _precap_bids_needed
DEBUG Name: auction
DEBUG Name: completion
DEBUG Name: auction
DEBUG Name: evaluate
DEBUG Name: __iter__
DEBUG Name: value_annotation
DEBUG Name: prepare
DEBUG Name: _prepare
DEBUG Name: can_precap
DEBUG Name: evaluate
DEBUG Name: __iter__
DEBUG Name: value_annotation
DEBUG Name: prepare
DEBUG Name: _prepare
DEBUG Name: place_precap_bid
DEBUG Name: evaluate
DEBUG Name: __iter__
DEBUG Name: value_annotation
DEBUG Name: prepare
DEBUG Name: _prepare
DEBUG Name: _precap_bids_needed
DEBUG Name: auction
DEBUG Name: completion
DEBUG Name: auction
DEBUG Name: evaluate
DEBUG Name: __iter__
DEBUG Name: value_annotation
DEBUG Name: prepare
DEBUG Name: _prepare
DEBUG Name: can_precap
DEBUG Name: evaluate
DEBUG Name: __iter__
DEBUG Name: value_annotation
DEBUG Name: prepare
DEBUG Name: _prepare
DEBUG Name: place_precap_bid
DEBUG Name: evaluate
DEBUG Name: __iter__
DEBUG Name: value_annotation
DEBUG Name: prepare
DEBUG Name: _prepare
DEBUG Name: _precap_bids_needed
DEBUG Name: auction
DEBUG Name: finish_precap
DEBUG Name: evaluate
DEBUG Name: __iter__
DEBUG Name: value_annotation
DEBUG Name: prepare
DEBUG Name: _prepare
DEBUG Name: can_precap
DEBUG Name: evaluate
DEBUG Name: __iter__
DEBUG Name: value_annotation
DEBUG Name: prepare
DEBUG Name: _prepare
DEBUG Name: place_precap_bid
DEBUG Name: evaluate
DEBUG Name: __iter__
DEBUG Name: value_annotation
DEBUG Name: prepare
DEBUG Name: _prepare
DEBUG Name: _precap_bids_needed
DEBUG Name: auction
DEBUG Name: finish_precap
DEBUG Name: can_bid
DEBUG Name: get_last_bidder
DEBUG Name: evaluate
DEBUG Name: __iter__
DEBUG Name: value_annotation
DEBUG Name: prepare
DEBUG Name: _prepare
DEBUG Name: bid
DEBUG Name: get_time_left
DEBUG Name: get_latest_bid
DEBUG Name: get_last_bidder
DEBUG Name: get_last_bidder
DEBUG Name: auction
DEBUG Name: can_bid
DEBUG Name: get_last_bidder
DEBUG Name: evaluate
DEBUG Name: __iter__
DEBUG Name: value_annotation
DEBUG Name: prepare
DEBUG Name: _prepare
DEBUG Name: bid
DEBUG Name: get_time_left
DEBUG Name: get_latest_bid
DEBUG Name: get_last_bidder
DEBUG Name: get_last_bidder
DEBUG Name: auction
DEBUG Name: can_bid
DEBUG Name: get_last_bidder
DEBUG Name: evaluate
DEBUG Name: __iter__
DEBUG Name: value_annotation
DEBUG Name: prepare
DEBUG Name: _prepare
DEBUG Name: bid
DEBUG Name: get_time_left
DEBUG Name: get_latest_bid
DEBUG Name: get_last_bidder
DEBUG Name: get_last_bidder
DEBUG Name: auction
DEBUG Name: can_bid
DEBUG Name: get_last_bidder
DEBUG Name: evaluate
DEBUG Name: __iter__
DEBUG Name: value_annotation
DEBUG Name: prepare
DEBUG Name: _prepare
DEBUG Name: bid
DEBUG Name: get_time_left
DEBUG Name: get_latest_bid
DEBUG Name: get_last_bidder
DEBUG Name: get_last_bidder
DEBUG Name: auction
DEBUG Name: _item_cache
DEBUG Name: _winner_cache
DEBUG Name: _item_cache
DEBUG Name: _winner_cache
DEBUG Name: _item_cache
DEBUG Name: _winner_cache
DEBUG Name: _item_cache
DEBUG Name: _winner_cache
DEBUG Name: _item_cache
DEBUG Name: _winner_cache
DEBUG Name: _item_cache
DEBUG Name: _winner_cache
DEBUG Name: _item_cache
DEBUG Name: _winner_cache
DEBUG Name: _item_cache
DEBUG Name: _winner_cache
DEBUG Name: _item_cache
DEBUG Name: _winner_cache
DEBUG Name: _item_cache
DEBUG Name: _winner_cache
WARNING Not Found: /admin-media/css/base.css
WARNING Not Found: /admin-media/css/forms.css
WARNING Not Found: /admin-media/js/core.js
WARNING Not Found: /admin-media/js/admin/RelatedObjectLookups.js
WARNING Not Found: /admin-media/js/jquery.min.js
WARNING Not Found: /admin-media/js/jquery.init.js
WARNING Not Found: /admin-media/js/actions.min.js
WARNING Not Found: /admin-media/js/calendar.js
WARNING Not Found: /admin-media/js/admin/DateTimeShortcuts.js
WARNING Not Found: /admin-media/js/collapse.min.js
WARNING Not Found: /admin-media/css/base.css/
WARNING Not Found: /admin-media/img/admin/icon_addlink.gif
WARNING Not Found: /admin-media/css/forms.css/
WARNING Not Found: /admin-media/js/core.js/
WARNING Not Found: /admin-media/js/jquery.min.js/
WARNING Not Found: /admin-media/js/admin/RelatedObjectLookups.js/
WARNING Not Found: /admin-media/js/jquery.init.js/
WARNING Not Found: /admin-media/js/actions.min.js/
WARNING Not Found: /admin-media/js/calendar.js/
WARNING Not Found: /admin-media/js/admin/DateTimeShortcuts.js/
WARNING Not Found: /admin-media/js/collapse.min.js/
WARNING Not Found: /admin-media/img/admin/icon_addlink.gif/
WARNING Not Found: /admin-media/js/core.js
WARNING Not Found: /admin-media/js/core.js/
WARNING Not Found: /admin-media/js/admin/RelatedObjectLookups.js
WARNING Not Found: /admin-media/js/admin/RelatedObjectLookups.js/
WARNING Not Found: /admin-media/js/jquery.min.js
WARNING Not Found: /admin-media/js/jquery.min.js/
WARNING Not Found: /admin-media/js/jquery.init.js
WARNING Not Found: /admin-media/js/jquery.init.js/
WARNING Not Found: /admin-media/js/actions.min.js
WARNING Not Found: /admin-media/js/actions.min.js/
WARNING Not Found: /admin-media/js/calendar.js
WARNING Not Found: /admin-media/js/calendar.js/
WARNING Not Found: /admin-media/js/admin/DateTimeShortcuts.js
WARNING Not Found: /admin-media/js/admin/DateTimeShortcuts.js/
WARNING Not Found: /admin-media/js/collapse.min.js
WARNING Not Found: /admin-media/js/collapse.min.js/
WARNING Not Found: /admin-media/img/admin/icon_addlink.gif
WARNING Not Found: /admin-media/img/admin/icon_addlink.gif/
DEBUG Name: _winner_cache
DEBUG Name: completion
DEBUG Name: auction
DEBUG Name: completion
DEBUG Name: auction
DEBUG Name: _winner_cache
DEBUG Name: _winner_cache
DEBUG Name: _winner_cache
DEBUG Name: _winner_cache
DEBUG Name: _winner_cache
DEBUG Name: _winner_cache
DEBUG Name: _winner_cache
DEBUG Name: _winner_cache
DEBUG Name: _winner_cache
DEBUG Name: _winner_cache
DEBUG Name: _winner_cache
DEBUG Name: _winner_cache
DEBUG Name: _winner_cache
DEBUG Name: _winner_cache
DEBUG Name: _winner_cache
DEBUG Name: _winner_cache
DEBUG Name: _winner_cache
DEBUG Name: _winner_cache
DEBUG Name: _winner_cache
DEBUG Name: _winner_cache
DEBUG Name: _winner_cache
DEBUG Name: _winner_cache
DEBUG Name: _winner_cache
DEBUG Name: _winner_cache
DEBUG Name: _winner_cache
DEBUG Name: _winner_cache
DEBUG Name: _winner_cache
DEBUG Name: _winner_cache
DEBUG Name: _winner_cache
DEBUG Name: _winner_cache
DEBUG Name: _winner_cache
DEBUG Name: _winner_cache
DEBUG Name: _winner_cache
DEBUG Name: _winner_cache
DEBUG Name: _winner_cache
DEBUG Name: _winner_cache
DEBUG Name: _winner_cache
DEBUG Name: _winner_cache
DEBUG Name: _winner_cache
DEBUG Name: _winner_cache
DEBUG Name: _winner_cache
DEBUG Name: _winner_cache
DEBUG Name: _winner_cache
DEBUG Name: _winner_cache
DEBUG Name: _winner_cache
DEBUG Name: _winner_cache
DEBUG Name: _winner_cache
DEBUG Name: _winner_cache
DEBUG Name: _winner_cache
DEBUG Name: _winner_cache
DEBUG Name: _winner_cache
DEBUG Name: _winner_cache
DEBUG Name: _winner_cache
DEBUG Name: _winner_cache
DEBUG Name: _winner_cache
DEBUG Name: _winner_cache
DEBUG Name: _winner_cache
DEBUG Name: _winner_cache
DEBUG Name: _winner_cache
DEBUG Name: _winner_cache
DEBUG Name: _winner_cache
DEBUG Name: _winner_cache
DEBUG Name: _winner_cache
DEBUG Name: _winner_cache
DEBUG Name: _winner_cache
DEBUG Name: _winner_cache
DEBUG Name: _winner_cache
DEBUG Name: _winner_cache
DEBUG Name: _winner_cache
DEBUG Name: _winner_cache
DEBUG Name: _winner_cache
DEBUG Name: _winner_cache
DEBUG Name: _winner_cache
DEBUG Name: _winner_cache
DEBUG Name: _winner_cache
DEBUG Name: _winner_cache
DEBUG Name: _winner_cache
DEBUG Name: _winner_cache
DEBUG Name: _winner_cache
DEBUG Name: _winner_cache
DEBUG Name: _winner_cache
DEBUG Name: _winner_cache
DEBUG Name: _winner_cache
DEBUG Name: _winner_cache
DEBUG Name: _winner_cache
DEBUG Name: _winner_cache
DEBUG Name: _winner_cache
DEBUG Name: _winner_cache
DEBUG Name: _winner_cache
DEBUG Name: _winner_cache
DEBUG Name: _winner_cache
DEBUG Name: _winner_cache
DEBUG Name: _winner_cache
DEBUG Name: _winner_cache
DEBUG Name: _winner_cache
DEBUG Name: _winner_cache
DEBUG Name: _winner_cache
DEBUG Name: _winner_cache
DEBUG Name: _winner_cache
DEBUG Name: _winner_cache
DEBUG Name: _winner_cache
DEBUG Name: _winner_cache
DEBUG Name: _winner_cache
DEBUG Name: _winner_cache
DEBUG Name: _winner_cache
DEBUG Name: _winner_cache
DEBUG Name: _winner_cache
DEBUG Name: _winner_cache
DEBUG Name: _winner_cache
DEBUG Name: _winner_cache
DEBUG Name: _winner_cache
DEBUG Name: _winner_cache
DEBUG Name: _winner_cache
DEBUG Name: _winner_cache
DEBUG Name: _winner_cache
DEBUG Name: _winner_cache
DEBUG Name: _winner_cache
DEBUG Name: _winner_cache
DEBUG Name: _winner_cache
DEBUG Name: _winner_cache
DEBUG Name: _winner_cache
DEBUG Name: _winner_cache
WARNING Not Found: /admin-media/css/base.css
WARNING Not Found: /admin-media/css/changelists.css
WARNING Not Found: /admin-media/js/core.js
WARNING Not Found: /admin-media/js/admin/RelatedObjectLookups.js
WARNING Not Found: /admin-media/js/jquery.min.js
WARNING Not Found: /admin-media/js/jquery.init.js
WARNING Not Found: /admin-media/js/actions.min.js
WARNING Not Found: /admin-media/img/admin/icon-yes.gif
WARNING Not Found: /admin-media/css/base.css/
WARNING Not Found: /admin-media/css/changelists.css/
WARNING Not Found: /admin-media/js/core.js/
WARNING Not Found: /admin-media/js/admin/RelatedObjectLookups.js/
WARNING Not Found: /admin-media/js/jquery.min.js/
WARNING Not Found: /admin-media/js/actions.min.js/
WARNING Not Found: /admin-media/js/jquery.init.js/
WARNING Not Found: /admin-media/img/admin/icon-yes.gif/
WARNING Not Found: /admin-media/js/admin/RelatedObjectLookups.js
WARNING Not Found: /admin-media/js/admin/RelatedObjectLookups.js/
WARNING Not Found: /admin-media/js/jquery.min.js
WARNING Not Found: /admin-media/js/jquery.min.js/
WARNING Not Found: /admin-media/js/jquery.init.js
WARNING Not Found: /admin-media/js/jquery.init.js/
WARNING Not Found: /admin-media/js/actions.min.js
WARNING Not Found: /admin-media/js/actions.min.js/
WARNING Not Found: /admin-media/img/admin/icon-yes.gif
WARNING Not Found: /admin-media/img/admin/icon-yes.gif/
DEBUG Name: can_precap
DEBUG Name: evaluate
DEBUG Name: __iter__
DEBUG Name: value_annotation
DEBUG Name: prepare
DEBUG Name: _prepare
DEBUG Name: place_precap_bid
DEBUG Name: evaluate
DEBUG Name: __iter__
DEBUG Name: value_annotation
DEBUG Name: prepare
DEBUG Name: _prepare
DEBUG Name: _precap_bids_needed
DEBUG Name: auction
DEBUG Name: completion
DEBUG Name: auction
DEBUG Name: _item_cache
DEBUG Name: _winner_cache
DEBUG Name: _item_cache
DEBUG Name: _winner_cache
DEBUG Name: _item_cache
DEBUG Name: _winner_cache
DEBUG Name: _item_cache
DEBUG Name: _winner_cache
DEBUG Name: _item_cache
DEBUG Name: _winner_cache
DEBUG Name: completion
DEBUG Name: auction
DEBUG Name: _item_cache
DEBUG Name: completion
DEBUG Name: auction
DEBUG Name: evaluate
DEBUG Name: __iter__
DEBUG Name: value_annotation
DEBUG Name: prepare
DEBUG Name: _prepare
DEBUG Name: evaluate
DEBUG Name: __iter__
DEBUG Name: value_annotation
DEBUG Name: prepare
DEBUG Name: _prepare
DEBUG Name: evaluate
DEBUG Name: __iter__
DEBUG Name: value_annotation
DEBUG Name: prepare
DEBUG Name: _prepare
DEBUG Name: evaluate
DEBUG Name: __iter__
DEBUG Name: value_annotation
DEBUG Name: prepare
DEBUG Name: _prepare
DEBUG Name: can_precap
DEBUG Name: evaluate
DEBUG Name: __iter__
DEBUG Name: value_annotation
DEBUG Name: prepare
DEBUG Name: _prepare
DEBUG Name: place_precap_bid
DEBUG Name: evaluate
DEBUG Name: __iter__
DEBUG Name: value_annotation
DEBUG Name: prepare
DEBUG Name: _prepare
DEBUG Name: _precap_bids_needed
DEBUG Name: auction
DEBUG Name: completion
DEBUG Name: auction
DEBUG Name: _item_cache
DEBUG Name: _winner_cache
DEBUG Name: _item_cache
DEBUG Name: _winner_cache
DEBUG Name: _item_cache
DEBUG Name: _winner_cache
DEBUG Name: _item_cache
DEBUG Name: _winner_cache
DEBUG Name: _item_cache
DEBUG Name: _winner_cache
DEBUG Name: completion
DEBUG Name: auction
DEBUG Name: _item_cache
DEBUG Name: completion
DEBUG Name: auction
DEBUG Name: evaluate
DEBUG Name: __iter__
DEBUG Name: value_annotation
DEBUG Name: prepare
DEBUG Name: _prepare
DEBUG Name: evaluate
DEBUG Name: __iter__
DEBUG Name: value_annotation
DEBUG Name: prepare
DEBUG Name: _prepare
DEBUG Name: evaluate
DEBUG Name: __iter__
DEBUG Name: value_annotation
DEBUG Name: prepare
DEBUG Name: _prepare
DEBUG Name: evaluate
DEBUG Name: __iter__
DEBUG Name: value_annotation
DEBUG Name: prepare
DEBUG Name: _prepare
DEBUG Name: evaluate
DEBUG Name: __iter__
DEBUG Name: value_annotation
DEBUG Name: prepare
DEBUG Name: _prepare
DEBUG Name: can_precap
DEBUG Name: evaluate
DEBUG Name: __iter__
DEBUG Name: value_annotation
DEBUG Name: prepare
DEBUG Name: _prepare
DEBUG Name: place_precap_bid
DEBUG Name: evaluate
DEBUG Name: __iter__
DEBUG Name: value_annotation
DEBUG Name: prepare
DEBUG Name: _prepare
DEBUG Name: _precap_bids_needed
DEBUG Name: auction
DEBUG Name: completion
DEBUG Name: auction
DEBUG Name: _item_cache
DEBUG Name: _winner_cache
DEBUG Name: _item_cache
DEBUG Name: _winner_cache
DEBUG Name: _item_cache
DEBUG Name: _winner_cache
DEBUG Name: _item_cache
DEBUG Name: _winner_cache
DEBUG Name: _item_cache
DEBUG Name: _winner_cache
DEBUG Name: completion
DEBUG Name: auction
DEBUG Name: _item_cache
DEBUG Name: completion
DEBUG Name: auction
DEBUG Name: evaluate
DEBUG Name: __iter__
DEBUG Name: value_annotation
DEBUG Name: prepare
DEBUG Name: _prepare
DEBUG Name: evaluate
DEBUG Name: __iter__
DEBUG Name: value_annotation
DEBUG Name: prepare
DEBUG Name: _prepare
DEBUG Name: evaluate
DEBUG Name: __iter__
DEBUG Name: value_annotation
DEBUG Name: prepare
DEBUG Name: _prepare
DEBUG Name: evaluate
DEBUG Name: __iter__
DEBUG Name: value_annotation
DEBUG Name: prepare
DEBUG Name: _prepare
DEBUG Name: _item_cache
DEBUG Name: _winner_cache
DEBUG Name: _item_cache
DEBUG Name: _winner_cache
DEBUG Name: _item_cache
DEBUG Name: _winner_cache
DEBUG Name: _item_cache
DEBUG Name: _winner_cache
DEBUG Name: _item_cache
DEBUG Name: _winner_cache
DEBUG Name: completion
DEBUG Name: auction
DEBUG Name: _item_cache
DEBUG Name: completion
DEBUG Name: auction
DEBUG Name: evaluate
DEBUG Name: __iter__
DEBUG Name: value_annotation
DEBUG Name: prepare
DEBUG Name: _prepare
DEBUG Name: evaluate
DEBUG Name: __iter__
DEBUG Name: value_annotation
DEBUG Name: prepare
DEBUG Name: _prepare
DEBUG Name: evaluate
DEBUG Name: __iter__
DEBUG Name: value_annotation
DEBUG Name: prepare
DEBUG Name: _prepare
DEBUG Name: evaluate
DEBUG Name: __iter__
DEBUG Name: value_annotation
DEBUG Name: prepare
DEBUG Name: _prepare
DEBUG Name: evaluate
DEBUG Name: __iter__
DEBUG Name: value_annotation
DEBUG Name: prepare
DEBUG Name: _prepare
DEBUG Name: can_precap
DEBUG Name: evaluate
DEBUG Name: __iter__
DEBUG Name: value_annotation
DEBUG Name: prepare
DEBUG Name: _prepare
DEBUG Name: place_precap_bid
DEBUG Name: evaluate
DEBUG Name: __iter__
DEBUG Name: value_annotation
DEBUG Name: prepare
DEBUG Name: _prepare
DEBUG Name: _precap_bids_needed
DEBUG Name: auction
DEBUG Name: finish_precap
2013-05-19 17:25:04 [5298] [INFO] Handling signal: term
--------------pubnub------------------
--------------pubnub------------------
--------------pubnub------------------
--------------pubnub------------------
--------------pubnub------------------
--------------pubnub------------------
--------------pubnub------------------
--------------pubnub------------------
--------------pubnub------------------
--------------pubnub------------------
2013-05-19 17:25:04 [5298] [INFO] Shutting down: Master
2013-05-19 17:25:09 [6720] [INFO] Starting gunicorn 0.17.4
2013-05-19 17:25:09 [6720] [INFO] Listening at: http://127.0.0.1:8888 (6720)
2013-05-19 17:25:09 [6720] [INFO] Using worker: sync
2013-05-19 17:25:09 [6725] [INFO] Booting worker with pid: 6725
2013-05-19 17:25:09 [6726] [INFO] Booting worker with pid: 6726
2013-05-19 17:25:09 [6727] [INFO] Booting worker with pid: 6727
Traceback (most recent call last):
  File "/usr/local/bin/gunicorn_django", line 9, in <module>
    load_entry_point('gunicorn==0.17.4', 'console_scripts', 'gunicorn_django')()
  File "/usr/local/lib/python2.7/dist-packages/gunicorn/app/djangoapp.py", line 143, in run
    DjangoApplication("%(prog)s [OPTIONS] [SETTINGS_PATH]").run()
  File "/usr/local/lib/python2.7/dist-packages/gunicorn/app/base.py", line 135, in run
    Arbiter(self).run()
  File "/usr/local/lib/python2.7/dist-packages/gunicorn/arbiter.py", line 196, in run
    self.halt(reason=inst.reason, exit_status=inst.exit_status)
  File "/usr/local/lib/python2.7/dist-packages/gunicorn/arbiter.py", line 291, in halt
    self.stop()
  File "/usr/local/lib/python2.7/dist-packages/gunicorn/arbiter.py", line 334, in stop
    self.reap_workers()
  File "/usr/local/lib/python2.7/dist-packages/gunicorn/arbiter.py", line 430, in reap_workers
    raise HaltServer(reason, self.WORKER_BOOT_ERROR)
gunicorn.errors.HaltServer: <HaltServer 'Worker failed to boot.' 3>
